model selection:
Series:  
ARIMA(2,0,2) with non-zero mean 

Coefficients:
         ar1      ar2      ma1     ma2      mean
      0.9813  -0.5878  -0.2519  0.8617  417.3032
s.e.  0.1181   0.1197   0.0948  0.1621   17.3119

sigma^2 estimated as 2711:  log likelihood=-305.28
AIC=622.57   AICc=624.25   BIC=634.82

iloop, iteration: 0 
   type ind    coefhat     tstat
1    AO  48   83.87192  4.901755
3    AO  51   70.37172  3.926422
6    TC  44   63.16389  3.318009
7    TC  47   69.54778  3.515828
8    TC  49 -128.11045 -6.286065
10   TC  53  -89.75627 -3.985722

iloop, iteration: 1 
   type ind    coefhat     tstat
1    AO  37   49.87954  3.287181
2    AO  39  -91.06375 -5.961743
3    AO  41  106.98383  6.945949
4    AO  43 -139.58482 -8.967149
7    AO  46  104.29196  6.491277
9    AO  48 -107.52213 -6.485070
11   AO  50  139.46996  8.057972
13   AO  52 -122.72670 -6.683524
15   AO  54   72.41692  3.623165
16   AO  56  -70.65609 -3.090256
17   LS  40   64.18250  4.692699
20   LS  44   65.14722  4.433908
26   LS  55 -110.21663 -4.099911
27   TC  36   60.42871  3.388628
28   TC  38  -83.19865 -4.643421
34   TC  45  205.82777 10.970732
35   TC  47 -170.87050 -8.914422
36   TC  49  166.25757  8.418941
38   TC  51 -173.87674 -8.438776
40   TC  53  147.16017  6.743948

iloop, iteration: 2 
    type ind    coefhat      tstat
1     AO  11  -58.40470  -3.219369
2     AO  13   76.68973   4.226663
3     AO  15  -97.12842  -5.352133
4     AO  17  106.55369   5.870155
6     AO  20  -82.62328  -4.549694
8     AO  22  130.59265   7.187120
10    AO  24 -167.87155  -9.231822
11    AO  26  212.81006  11.691824
12    AO  28 -249.18539 -13.673686
15    AO  31  148.81220   8.147148
17    AO  33 -253.07745 -13.815176
19    AO  35  336.70284  18.307571
21    AO  37 -437.99811 -23.691980
23    AO  39  475.22701  25.536227
24    AO  41 -489.49674 -26.085018
27    AO  44  197.02645  10.296531
29    AO  46 -286.77230 -14.650228
31    AO  48  340.98364  16.880224
33    AO  50 -422.57808 -20.039179
35    AO  52  441.42829  19.731245
36    AO  54 -460.64552 -18.916589
38    AO  56  360.03257  12.924522
39    AO  57 -230.35007  -6.680908
40    LS  14  -42.80986  -3.521834
42    LS  18  -41.28142  -3.275851
70    LS  55  429.98208  13.128212
73    TC  10  -70.87499  -3.313042
74    TC  12   85.30251   3.987038
77    TC  16   66.45679   3.105250
79    TC  19 -150.25181  -7.016612
80    TC  21  176.69606   8.247870
81    TC  23 -191.26864  -8.923178
83    TC  25  190.96057   8.902680
85    TC  27 -165.91287  -7.728068
87    TC  29  121.69144   5.661421
88    TC  30  334.79490  15.548728
90    TC  32 -399.45886 -18.508121
91    TC  34  423.90511  19.583022
93    TC  36 -459.33157 -21.141451
95    TC  38  421.98057  19.330457
97    TC  40 -371.80734 -16.923265
99    TC  42  238.58991  10.759899
100   TC  43  536.61729  23.887828
102   TC  45 -568.03196 -24.850336
103   TC  47  512.75607  21.956583
105   TC  49 -468.24915 -19.461706
107   TC  51  361.02580  14.381496
109   TC  53 -300.62216 -11.307661

iloop, iteration: 3 
   type ind    coefhat     tstat
1    AO   4  -575.8216 -3.050210
3    AO   9  -696.4229 -3.688544
4    AO  11   931.4785  4.932958
5    AO  13 -1112.5609 -5.891092
6    AO  15  1229.8298  6.510842
8    AO  18  -665.3752 -3.521543
10   AO  20  1072.6218  5.674635
12   AO  22 -1391.5028 -7.357527
14   AO  24  1629.1826  8.607791
15   AO  26 -1702.6441 -8.987225
16   AO  28  1622.6449  8.554569
18   AO  31  -977.2056 -5.140018
20   AO  33  1183.6767  6.207942
22   AO  35 -1184.3146 -6.186751
23   AO  37   977.6290  5.080598
24   AO  39  -799.2379 -4.126134
37   TC   6   818.5065  3.676490
38   TC   8  -952.7609 -4.279234
39   TC  10  1042.8299  4.683375
40   TC  12 -1027.7679 -4.615250
42   TC  14   915.8787  4.112266
44   TC  17 -1522.2353 -6.832097
45   TC  19  1742.3582  7.817300
46   TC  21 -1808.8722 -8.112121
48   TC  23  1776.0008  7.960321
50   TC  25 -1505.9180 -6.745124
52   TC  27  1134.6393  5.077621
54   TC  30 -1949.5171 -8.698706
55   TC  32  1924.1772  8.565386
56   TC  34 -1720.3499 -7.635535
58   TC  36  1270.3486  5.617499
60   TC  38  -777.5385 -3.422025
62   TC  41   770.6992  3.339571

oloop, iteration: 0 
    type ind    coefhat      tstat
1     AO  48   83.87192   4.901755
7     TC  47   69.54778   3.515828
8     TC  49 -128.11045  -6.286065
10    TC  53  -89.75627  -3.985722
12    AO  37   49.87954   3.287181
2     AO  39  -91.06375  -5.961743
31    AO  41  106.98383   6.945949
4     AO  43 -139.58482  -8.967149
71    AO  46  104.29196   6.491277
11    AO  50  139.46996   8.057972
15    AO  54   72.41692   3.623165
16    AO  56  -70.65609  -3.090256
17    LS  40   64.18250   4.692699
26    LS  55 -110.21663  -4.099911
27    TC  36   60.42871   3.388628
28    TC  38  -83.19865  -4.643421
34    TC  45  205.82777  10.970732
14    AO  11  -58.40470  -3.219369
21    AO  13   76.68973   4.226663
32    AO  15  -97.12842  -5.352133
41    AO  17  106.55369   5.870155
61    AO  20  -82.62328  -4.549694
82    AO  22  130.59265   7.187120
101   AO  24 -167.87155  -9.231822
111   AO  26  212.81006  11.691824
121   AO  28 -249.18539 -13.673686
151   AO  31  148.81220   8.147148
171   AO  33 -253.07745 -13.815176
19    AO  35  336.70284  18.307571
40    LS  14  -42.80986  -3.521834
42    LS  18  -41.28142  -3.275851
73    TC  10  -70.87499  -3.313042
74    TC  12   85.30251   3.987038
77    TC  16   66.45679   3.105250
79    TC  19 -150.25181  -7.016612
80    TC  21  176.69606   8.247870
81    TC  23 -191.26864  -8.923178
83    TC  25  190.96057   8.902680
85    TC  27 -165.91287  -7.728068
88    TC  30  334.79490  15.548728
90    TC  32 -399.45886 -18.508121
91    TC  34  423.90511  19.583022
18    AO   4 -575.82159  -3.050210
33    AO   9 -696.42292  -3.688544
37    TC   6  818.50650   3.676490
38    TC   8 -952.76089  -4.279234

model chosen and fitted for the adjusted series:

Call:
arima(x = y, order = fit$arma[c(1, 6, 2)], seasonal = list(order = fit$arma[c(3, 
    7, 4)]))

Coefficients:
         ar1      ar2     ma1     ma2  intercept
      0.3109  -0.5616  0.4232  0.1366   468.8809
s.e.  0.2658   0.1359  0.3095  0.2857    33.5204

sigma^2 estimated as 40855:  log likelihood = -384.08,  aic = 780.16

iloop, iteration: 0 
  type ind   coefhat     tstat
1   AO   3 -315.9028 -3.508786
3   AO  10 -275.9843 -3.065405
5   TC   9  536.2690  5.287578
6   TC  11 regressions  4.535473
7   TC  34 -335.9859 -3.312800
8   TC  37 -309.5623 -3.052264

iloop, iteration: 1 
  type ind   coefhat     tstat
1   AO   8  328.4761  3.204386
2   TC  11 -446.1150 -3.863301

iloop, iteration: 2 
  type ind   coefhat     tstat
1   TC   6 -342.2708 -3.056538
2   TC  11 -408.8414 -3.651025
3   TC  13 -349.9729 -3.125319

iloop, iteration: 3 
[1] type    ind     coefhat tstat  
<0 rows> (or 0-length row.names)

oloop, iteration: 1 
  type ind   coefhat     tstat
1   AO   3 -315.9028 -3.508786

model chosen and fitted for the adjusted series:

Call:
arima(x = y, order = fit$arma[c(1, 6, 2)], seasonal = list(order = fit$arma[c(3, 
    7, 4)]))

Coefficients:
         ar1      ar2     ma1     ma2  intercept
      0.3832  -0.5840  0.4424  0.1099   475.9176
s.e.  0.2232   0.1219  0.2719  0.2217    32.8233

sigma^2 estimated as 36454:  log likelihood = -380.96,  aic = 773.91

iloop, iteration: 0 
  type ind   coefhat     tstat
2   AO  10 -313.2046 -3.627397
4   TC   9  507.9220  4.924381
5   TC  11  479.1266  4.645205
6   TC  34 -314.7798 -3.051838
7   TC  37 -325.9089 -3.159735

iloop, iteration: 1 
  type ind   coefhat     tstat
1   AO   8  338.7727  3.623720
2   AO   9 -332.9356 -3.561282
3   AO  10  341.6300  3.654283
6   TC  11 -485.8243 -4.350238
7   TC  13 -358.3493 -3.208783

iloop, iteration: 2 
  type ind   coefhat     tstat
1   AO   8  341.7159  3.585054
2   AO   9 -329.6952 -3.458941
3   AO  10  301.7946  3.166226

iloop, iteration: 3 
  type ind   coefhat     tstat
1   TC   6 -297.7466 -3.202155

oloop, iteration: 2 
[1] type    ind     coefhat tstat  
<0 rows> (or 0-length row.names)

choose model and discard outliers, iter: 0 
Series:  
Regression with ARIMA(3,0,1) errors 

Coefficients:
         ar1      ar2     ar3     ma1  intercept      AO48      TC47       TC49     TC53      AO37      AO39     AO41       AO43      AO46      AO50      AO54     AO56
      0.8537  -1.0188  0.0653  0.9832   396.4927  -33.7641  240.0812  -366.7247  -8.8732  -76.9321  -47.0138  41.6707  -157.2642  218.7579  -29.5386  -72.7017  -8.2026
s.e.  0.1723   0.1371  0.1686  0.0479     2.7865    5.0204    7.8562     7.1013   5.0794    6.3032    6.5677   3.9881     3.7726    5.1351    2.6906    4.1888   5.4091
         LS40      LS55     TC36       TC38      TC45     AO11     AO13      AO15      AO17     AO20      AO22     AO24      AO26      AO28      AO31       AO33
      37.0297  -60.4458  74.0623  -138.5070  206.1335  20.4796  32.8472  -45.1183  -48.7215  19.5743  -16.5031  66.7420  -10.9803  -44.1658  -25.7963  -119.1916
s.e.  10.6544    6.3490  17.2956    11.2871    6.3401   9.2367   8.1911    9.1432   16.2656  15.6207   11.6104  11.1072    9.8828    8.0733    8.9633    10.8475
         AO35     LS14      LS18     TC10     TC12      TC16     TC19      TC21      TC23     TC25      TC27      TC30      TC32      TC34      AO9      TC6       TC8
      40.6422  60.1808  -38.9514  30.5670  54.0354  -85.3940  31.6226  -12.7839  -13.6623  86.6056  -50.9682  110.6636  -95.7996  -75.5981  21.5680  14.3011  -16.6715
s.e.  11.6339  14.8054   19.5369   8.0914  13.7284   15.9145  12.7005   19.2749   14.4641  21.6996   13.3570   14.4306    8.5132   12.0544   6.8474   3.6519    6.6105
          AO3
      15.2653
s.e.   1.8284

sigma^2 estimated as 114.2:  log likelihood=-157.26
AIC=418.52   AICc=1796.52   BIC=524.75
outliers, iter: 0 
    type ind    coefhat      tstat
1     AO  48   83.87192   4.901755
7     TC  47   69.54778   3.515828
8     TC  49 -128.11045  -6.286065
12    AO  37   49.87954   3.287181
2     AO  39  -91.06375  -5.961743
31    AO  41  106.98383   6.945949
4     AO  43 -139.58482  -8.967149
71    AO  46  104.29196   6.491277
11    AO  50  139.46996   8.057972
15    AO  54   72.41692   3.623165
17    LS  40   64.18250   4.692699
26    LS  55 -110.21663  -4.099911
27    TC  36   60.42871   3.388628
28    TC  38  -83.19865  -4.643421
34    TC  45  205.82777  10.970732
21    AO  13   76.68973   4.226663
32    AO  15  -97.12842  -5.352133
101   AO  24 -167.87155  -9.231822
121   AO  28 -249.18539 -13.673686
171   AO  33 -253.07745 -13.815176
19    AO  35  336.70284  18.307571
40    LS  14  -42.80986  -3.521834
73    TC  10  -70.87499  -3.313042
74    TC  12   85.30251   3.987038
77    TC  16   66.45679   3.105250
83    TC  25  190.96057   8.902680
85    TC  27 -165.91287  -7.728068
88    TC  30  334.79490  15.548728
90    TC  32 -399.45886 -18.508121
91    TC  34  423.90511  19.583022
33    AO   9 -696.42292  -3.688544
37    TC   6  818.50650   3.676490
13    AO   3 -315.90277  -3.508786

choose model and discard outliers, iter: 1 
Series:  
Regression with ARIMA(0,0,0) errors 

Coefficients:
      intercept     AO48      TC47       TC49      AO37      AO39      AO41       AO43      AO46     AO50      AO54     LS40      LS55      TC36      TC38      TC45
       394.0321  19.7155  159.7413  -282.7004  -38.2080  -12.6058  -47.3980  -103.4848  144.2327   1.1931  -45.9251   4.7614  -37.7072  -37.1074  -29.3813  270.4454
s.e.     9.9813  25.9187   24.1618    23.3432   25.8717   25.4980   23.7141    23.5670   25.9187  24.4128   22.9661  14.1194   15.8685   24.0157   22.6841   23.7193
         AO13      AO15     AO24     AO28      AO33      AO35     LS14     TC10     TC12      TC16     TC25     TC27     TC30      TC32      TC34      AO9      TC6
      15.0911  -21.4321  27.4189  -8.2633  -54.5426  -39.5816  27.9499  45.3410  56.3560  -52.3742  19.9215   9.8991  13.5778  -39.5148  -41.6467  14.7268   5.9075
s.e.  25.3484   23.8190  23.0437  24.9090   25.8717   25.8717  13.6792  19.5381  21.2823   22.1002  20.5075  21.7319  19.8902   23.1261   24.0157  22.4681  20.3856
          AO3
      12.0714
s.e.  23.2902

sigma^2 estimated as 1097:  log likelihood=-254.53
AIC=579.07   AICc=699.07   BIC=650.57
outliers, iter: 1 
   type ind    coefhat     tstat
7    TC  47   69.54778  3.515828
8    TC  49 -128.11045 -6.286065
4    AO  43 -139.58482 -8.967149
71   AO  46  104.29196  6.491277
34   TC  45  205.82777 10.970732

choose model and discard outliers, iter: 2 
Series:  
Regression with ARIMA(1,0,0) errors 

Coefficients:
         ar1  intercept      TC47       TC49       AO43      AO46      TC45
      0.7892   411.1402  154.8939  -270.3457  -131.6061  140.2504  181.9768
s.e.  0.0893    15.3018   35.0419    25.6125    19.9753   26.9747   27.5035

sigma^2 estimated as 736.4:  log likelihood=-265.78
AIC=547.57   AICc=550.57   BIC=563.91

final outliers
  type ind time   coefhat      tstat
1   AO  43   43 -131.6061  -6.588436
2   TC  45   45  181.9768   6.616495
3   AO  46   46  140.2504   5.199320
4   TC  47   47  154.8939   4.420241
5   TC  49   49 -270.3457 -10.555239
