model selection:

Call:
arima(x = structure(c(394.5611266238, 377.1080339096, 406.1034966705, 406.8420740037, 
399.0376151634, 403.0373831776, 401.5257980325, 385.8068149817, 410.7851786502, 
426.7621145374, 446.8056123144, 470.5306388881, 464.6107865779, 466.4754296131, 
427.7388654227, 410.4764174678, 389.0535676477, 383.1116009342, 389.664731419, 
409.4537161812, 418.7128456966, 441.7919702372, 431.1451008572, 447.4787767209, 
438.5629414314, 437.8353845743, 447.2248103288, 427.0196695935, 418.5550519861, 
462.1636696858, 407.3538082221, 392.3138510809, 346.6716831045, 365.7978966621, 
343.0715625838, 357.3443671243, 338.5276732939, 367.2391017173, 366.6385313357, 
384.1195506327, 358.4040478575, 354.2817862147, 312.9973474801, 536.8098159509, 
692.1608146812, 756.7682796845, 716.5392225015, 649.3159469859, 310.0775193798, 
329.4462165978, 341.6736753574, 340.5726860706, 376.2246897453, 357.1707902078, 
389.4384297843, 372.2625863264, 369.1561039833), .Tsp = c(1, 57, 1), class = "ts"), 
    order = c(1, 1, 0), xreg = NULL)

Coefficients:
         ar1
      0.2098
s.e.  0.1294

sigma^2 estimated as 3801:  log likelihood = -310.29,  aic = 624.58

iloop, iteration: 0 
   type ind    coefhat      tstat
1    AO  30   48.65921   2.859128
2    AO  42   39.45428   2.318263
3    AO  43 -119.20840  -7.004474
5    AO  48  140.99297   8.284496
8    LS  31  -60.54973  -2.295671
10   LS  44  200.89482   7.616690
12   LS  49 -329.62374 -12.497295
13   LS  50   85.07002   3.225329
17   TC  45   95.40740   4.039955
18   TC  46   72.24751   3.059247

iloop, iteration: 1 
   type ind    coefhat     tstat
1    AO  42  -46.92678 -2.780664
2    AO  43   92.46651  5.479138
5    AO  47   91.01132  5.392910
6    AO  48 -163.80926 -9.706579
11   LS  45   60.55861  2.315435
14   LS  49  174.93942  6.688740
15   TC  31   56.13968  2.397321
17   TC  44 -120.75562 -5.156587
18   TC  46   83.77089  3.577205

iloop, iteration: 2 
   type ind    coefhat      tstat
1    AO  33  -33.02716  -2.104214
2    AO  42  -46.92678  -2.989781
3    AO  43   92.46651   5.891191
4    AO  44  -83.84433  -5.341858
6    AO  47  102.81860   6.550740
7    AO  48 -162.55165 -10.356429
12   LS  45   77.38941   3.181479
14   LS  49  181.98739   7.481503
15   TC  31   56.18569   2.579722

iloop, iteration: 3 
   type ind    coefhat      tstat
2    AO  42  -46.92678  -3.043365
3    AO  43   92.46651   5.996775
4    AO  44  -83.84433  -5.437597
6    AO  47  102.81860   6.668144
7    AO  48 -162.55165 -10.542040
12   LS  45   77.38941   3.238499
14   LS  49  181.98739   7.615589
15   TC  31   55.23099   2.581337

oloop, iteration: 0 
   type ind    coefhat      tstat
1    AO  30   48.65921   2.859128
3    AO  43 -119.20840  -7.004474
5    AO  48  140.99297   8.284496
8    LS  31  -60.54973  -2.295671
10   LS  44  200.89482   7.616690
12   LS  49 -329.62374 -12.497295
17   TC  45   95.40740   4.039955
11   AO  33  -33.02716  -2.104214

model chosen and fitted for the adjusted series:

Call:
arima(x = structure(c(394.5611266238, 377.1080339096, 406.1034966705, 406.8420740037, 
399.0376151634, 403.0373831776, 401.5257980325, 385.8068149817, 410.7851786502, 
426.7621145374, 446.8056123144, 470.5306388881, 464.6107865779, 466.4754296131, 
427.7388654227, 410.4764174678, 389.0535676477, 383.1116009342, 389.664731419, 
409.4537161812, 418.7128456966, 441.7919702372, 431.1451008572, 447.4787767209, 
438.5629414314, 437.8353845743, 447.2248103288, 427.0196695935, 418.5550519861, 
413.504461890446, 467.90353431075, 452.86357716955, 440.248570808348, 426.34762275075, 
403.62128867245, 417.89409321295, 399.07739938255, 427.78882780595, 427.18825742435, 
444.66927672135, 418.95377394615, 414.83151230335, 492.755476543413, 396.464725282534, 
456.408320255578, 549.638006386055, 529.444503992078, 335.253146623003, 476.448849161016, 
502.689741671651, 519.727737136096, 521.994123542687, 560.003290202761, 542.599404755023, 
576.022054194356, 559.654717640439, 557.114190130127), .Tsp = c(1, 57, 1), class = "ts"), 
    order = c(1, 1, 0), xreg = NULL)

Coefficients:
          ar1
      -0.2994
s.e.   0.1262

sigma^2 estimated as 1685:  log likelihood = -287.53,  aic = 579.07

iloop, iteration: 0 
   type ind    coefhat     tstat
1    AO  43   74.97232  3.649073
2    AO  44  -81.01631 -3.943247
3    AO  46  104.84858  5.103218
4    AO  47   77.91344  3.792224
5    AO  48 -176.48890 -8.590115
8    LS  45   59.10258  2.388517
11   LS  49   95.05173  3.841333
12   LS  50   69.71520  2.817406
13   TC  31   54.43283  2.285569

iloop, iteration: 1 
   type ind    coefhat     tstat
1    AO  42  -42.84961 -2.799730
3    AO  45  -85.71888 -5.600745
5    AO  47   41.12829  2.687262
8    LS  15  -42.96707 -2.331017
12   LS  48  -58.97651 -3.199549
14   TC  12   37.19843  2.096746
15   TC  43   83.13265  4.685865
17   TC  46   86.28137  4.863090
19   TC  49 -128.60615 -7.245397

iloop, iteration: 2 
   type ind    coefhat     tstat
1    AO  42   36.84247  2.559839
3    AO  48   68.21932  4.739922
5    LS  45  -54.54437 -3.146692
7    LS  51   38.00429  2.192486
8    LS  53   40.28583  2.324109
11   TC  49 -103.49981 -6.200611

iloop, iteration: 3 
   type ind   coefhat     tstat
1    AO  42  36.84247  3.029838
3    AO  48  68.21932  5.610197
5    LS  43 -34.25040 -2.338712
6    LS  45 -54.54437 -3.724440
7    LS  49 -89.89505 -6.138282
8    TC  17 -29.48025 -2.091480
13   TC  55  30.15849  2.059555

iloop, iteration: 4 
  type ind   coefhat     tstat
1   AO  42  36.84192  3.095111
3   AO  48  68.21926  5.731139
5   LS  43 -34.25227 -2.389262
6   LS  45 -54.54529 -3.804799
7   LS  49 -89.89527 -6.270631

oloop, iteration: 1 
    type ind   coefhat     tstat
1     AO  42 -42.84961 -2.799730
81    LS  15 -42.96707 -2.331017
14    TC  12  37.19843  2.096746
17    TC  46  86.28137  4.863090
7     LS  51  38.00429  2.192486
82    LS  53  40.28583  2.324109
83    TC  17 -29.48025 -2.091480
131   TC  55  30.15849  2.059555

model chosen and fitted for the adjusted series:

Call:
arima(x = structure(c(394.5611266238, 377.1080339096, 406.1034966705, 406.8420740037, 
399.0376151634, 403.0373831776, 401.5257980325, 385.8068149817, 410.7851786502, 
426.7621145374, 446.8056123144, 433.332210547001, 438.571886739131, 448.248199725962, 
457.946876984611, 444.51214730601, 455.248953252869, 442.338492602691, 444.013677331816, 
460.388100065043, 467.257036160163, 488.663025306566, 476.844961150628, 492.358800671172, 
482.869079941463, 481.739803276216, 490.848025165014, 470.446041723722, 461.843634222128, 
456.696591200537, 511.028146572686, 495.940927497777, 483.29283778298, 469.368731377864, 
446.626186456302, 460.887643406519, 442.06300626292, 470.768874367081, 470.164411762014, 
487.642706502587, 461.925296537888, 500.651309143728, 535.724729579648, 439.43332415277, 
499.376461209616, 506.324452822856, 512.015138242712, 335.942712343319, 489.821666910109, 
524.940835840889, 510.189330336978, 516.80607218944, 517.574653064591, 502.302441785329, 
507.058772711981, 500.783503629802, 505.307423349707), .Tsp = c(1, 57, 1), class = "ts"), 
    order = c(1, 1, 0), xreg = NULL)

Coefficients:
          ar1
      -0.4093
s.e.   0.1203

sigma^2 estimated as 1241:  log likelihood = -279.02,  aic = 562.04

iloop, iteration: 0 
   type ind    coefhat      tstat
2    AO  41  -36.97124  -2.404709
3    AO  43   59.95518   3.899645
4    AO  44  -70.52525  -4.587151
5    AO  46   64.33739   4.184676
6    AO  47   51.21982   3.331474
7    AO  48 -172.91945 -11.247144
14   LS  49  104.46157   5.961861
15   LS  50   83.89643   4.788161
16   TC  31   54.25116   3.176824
17   TC  42   45.33904   2.654940

iloop, iteration: 1 
   type ind    coefhat     tstat
1    AO   8  -25.06943 -2.108862
2    AO  42  -38.52139 -3.240453
4    AO  48   53.17468  4.473100
6    LS  10   31.76134  2.344387
9    LS  49 -109.43438 -8.077638
10   TC  43   33.24129  2.517466
11   TC  46   33.87256  2.565115
12   TC  47   47.42754  3.591348

iloop, iteration: 2 
   type ind   coefhat     tstat
1    AO   2 -22.41511 -2.087207
2    AO  41  28.23583  2.629209
5    AO  48  41.59043  3.872737
7    LS  38  25.23785  2.062072
8    LS  42 -33.42491 -2.731000
11   TC  40  29.77289  2.495921
13   TC  46  29.97040  2.512305
14   TC  49 -88.86805 -7.445529

iloop, iteration: 3 
  type ind   coefhat     tstat
1   AO  41  20.35748  2.132596
2   AO  42 -22.07075 -2.312074
3   AO  48  44.42574  4.653923
8   TC  49 -84.04723 -7.921971

oloop, iteration: 2 
   type ind   coefhat     tstat
2    AO  41 -36.97124 -2.404709
1    AO   8 -25.06943 -2.108862
6    LS  10  31.76134  2.344387
12   TC  47  47.42754  3.591348
15   AO   2 -22.41511 -2.087207
71   LS  38  25.23785  2.062072
11   TC  40  29.77289  2.495921

model chosen and fitted for the adjusted series:

Call:
arima(x = structure(c(394.5611266238, 399.523148391442, 406.1034966705, 406.8420740037, 
399.0376151634, 403.0373831776, 401.5257980325, 410.876243404506, 410.7851786502, 
395.00077950712, 415.04427728412, 401.570875516721, 406.810551708851, 416.486864695682, 
426.185541954331, 412.75081227573, 423.487618222589, 410.577157572411, 412.252342301536, 
428.626765034763, 435.495701129883, 456.901690276286, 445.083626120348, 460.597465640892, 
451.107744911183, 449.978468245936, 459.086690134734, 438.684706693442, 430.082299191848, 
424.935256170257, 479.266811542406, 464.179592467497, 451.5315027527, 437.607396347584, 
414.864851426022, 429.126308376239, 410.30167123264, 413.769689380608, 413.165226775541, 
400.870627537932, 421.056328390815, 429.063406107945, 468.513441958658, 375.285667322136, 
437.373345932229, 445.822516632744, 405.136488708593, 244.027902173494, 408.38154429529, 
450.832994514573, 441.214085912615, 451.423645596444, 454.707198953551, 441.195468411659, 
447.18413585447, 441.771502333603, 446.899266946425), .Tsp = c(1, 57, 1), class = "ts"), 
    order = c(1, 1, 0), xreg = NULL)

Coefficients:
          ar1
      -0.3070
s.e.   0.1257

sigma^2 estimated as 1288:  log likelihood = -280.01,  aic = 564.02

iloop, iteration: 0 
   type ind    coefhat      tstat
1    AO  30  -28.47471  -2.488517
3    AO  43   55.79274   4.875947
4    AO  44  -71.61230  -6.258481
5    AO  46   68.09272   5.950891
7    AO  48 -178.94361 -15.638587
13   LS  47  -83.51984  -6.085075
15   LS  49  131.06033   9.548773
16   LS  50   85.86756   6.256125
17   TC  31   56.01618   4.236298
18   TC  42   29.74587   2.249563
21   TC  45   46.38986   3.508191

iloop, iteration: 1 
   type ind    coefhat     tstat
1    AO  30   24.73100  2.410572
2    AO  42  -27.96478 -2.725773
4    AO  44   35.91743  3.500932
6    AO  46  -97.85178 -9.537775
8    AO  48   97.88498  9.541012
14   TC  43   48.65869  4.104189
15   TC  45  -72.22424 -6.091723
17   TC  47  124.70360 10.517086
19   TC  49 -115.84520 -9.766174

iloop, iteration: 2 
   type ind    coefhat     tstat
1    AO  30   24.73100  2.392866
2    AO  44   27.22336  2.634016
4    AO  46  -95.46968 -9.237238
6    AO  48   99.05221  9.583869
12   TC  45  -63.31166 -5.300774
14   TC  47  129.07378 10.805696
16   TC  49 -113.69765 -9.514725

oloop, iteration: 3 
[1] type    ind     coefhat tstat  
<0 rows> (or 0-length row.names)

choose model and discard outliers, iter: 0 

Call:
arima(x = structure(c(394.5611266238, 377.1080339096, 406.1034966705, 406.8420740037, 
399.0376151634, 403.0373831776, 401.5257980325, 385.8068149817, 410.7851786502, 
426.7621145374, 446.8056123144, 470.5306388881, 464.6107865779, 466.4754296131, 
427.7388654227, 410.4764174678, 389.0535676477, 383.1116009342, 389.664731419, 
409.4537161812, 418.7128456966, 441.7919702372, 431.1451008572, 447.4787767209, 
438.5629414314, 437.8353845743, 447.2248103288, 427.0196695935, 418.5550519861, 
462.1636696858, 407.3538082221, 392.3138510809, 346.6716831045, 365.7978966621, 
343.0715625838, 357.3443671243, 338.5276732939, 367.2391017173, 366.6385313357, 
384.1195506327, 358.4040478575, 354.2817862147, 312.9973474801, 536.8098159509, 
692.1608146812, 756.7682796845, 716.5392225015, 649.3159469859, 310.0775193798, 
329.4462165978, 341.6736753574, 340.5726860706, 376.2246897453, 357.1707902078, 
389.4384297843, 372.2625863264, 369.1561039833), .Tsp = c(1, 57, 1), class = "ts"), 
    order = c(1, 1, 0), xreg = structure(c(0, 0, 0, 0, 0, 0, 0, 0, 0, 0, 0, 
    0, 0, 0, 0, 0, 0, 0, 0, 0, 0, 0, 0, 0, 0, 0, 0, 0, 0, 1, 0, 0, 0, 0, 0, 
    0, 0, 0, 0, 0, 0, 0, 0, 0, 0, 0, 0, 0, 0, 0, 0, 0, 0, 0, 0, 0, 0, 0, 0, 
    0, 0, 0, 0, 0, 0, 0, 0, 0, 0, 0, 0, 0, 0, 0, 0, 0, 0, 0, 0, 0, 0, 0, 0, 
    0, 0, 0, 0, 0, 0, 0, 0, 0, 0, 0, 0, 0, 0, 0, 0, 1, 0, 0, 0, 0, 0, 0, 0, 
    0, 0, 0, 0, 0, 0, 0, 0, 0, 0, 0, 0, 0, 0, 0, 0, 0, 0, 0, 0, 0, 0, 0, 0, 
    0, 0, 0, 0, 0, 0, 0, 0, 0, 0, 0, 0, 0, 0, 0, 0, 0, 0, 0, 0, 0, 0, 0, 0, 
    0, 0, 0, 0, 0, 0, 1, 0, 0, 0, 0, 0, 0, 0, 0, 0, 0, 0, 0, 0, 0, 0, 0, 0, 
    0, 0, 0, 0, 0, 0, 0, 0, 0, 0, 0, 0, 0, 0, 0, 0, 0, 0, 0, 0, 0, 0, 1, 1, 
    1, 1, 1, 1, 1, 1, 1, 1, 1, 1, 1, 1, 1, 1, 1, 1, 1, 1, 1, 1, 1, 1, 1, 1, 
    1, 0, 0, 0, 0, 0, 0, 0, 0, 0, 0, 0, 0, 0, 0, 0, 0, 0, 0, 0, 0, 0, 0, 0, 
    0, 0, 0, 0, 0, 0, 0, 0, 0, 0, 0, 0, 0, 0, 0, 0, 0, 0, 0, 0, 1, 1, 1, 1, 
    1, 1, 1, 1, 1, 1, 1, 1, 1, 1, 0, 0, 0, 0, 0, 0, 0, 0, 0, 0, 0, 0, 0, 0, 
    0, 0, 0, 0, 0, 0, 0, 0, 0, 0, 0, 0, 0, 0, 0, 0, 0, 0, 0, 0, 0, 0, 0, 0, 
    0, 0, 0, 0, 0, 0, 0, 0, 0, 0, 1, 1, 1, 1, 1, 1, 1, 1, 1, 0, 0, 0, 0, 0, 
    0, 0, 0, 0, 0, 0, 0, 0, 0, 0, 0, 0, 0, 0, 0, 0, 0, 0, 0, 0, 0, 0, 0, 0, 
    0, 0, 0, 1, 0, 0, 0, 0, 0, 0, 0, 0, 0, 0, 0, 0, 0, 0, 0, 0, 0, 0, 0, 0, 
    0, 0, 0, 0, 0, 0, 0, 0, 0, 0, 0, 0, 0, 0, 0, 0, 0, 0, 1, 1, 1, 1, 1, 1, 
    1, 1, 1, 1, 1, 1, 1, 1, 1, 1, 1, 1, 1, 1, 1, 1, 1, 1, 1, 1, 1, 1, 1, 1, 
    1, 1, 1, 1, 1, 1, 1, 1, 1, 1, 1, 1, 1, 0, 0, 0, 0, 0, 0, 0, 0, 0, 0, 0, 
    1, 0.7, 0.49, 0.343, 0.2401, 0.16807, 0.117649, 0.0823543, 0.05764801, 0.040353607, 
    0.0282475249, 0.01977326743, 0.013841287201, 0.00968890104069999, 0.00678223072848999, 
    0.004747561509943, 0.0033232930569601, 0.00232630513987207, 0.00162841359791045, 
    0.00113988951853731, 0.000797922662976119, 0.000558545864083283, 0.000390982104858298, 
    0.000273687473400809, 0.000191581231380566, 0.000134106861966396, 9.38748033764774e-05, 
    6.57123623635342e-05, 4.59986536544739e-05, 3.21990575581317e-05, 2.25393402906922e-05, 
    1.57775382034846e-05, 1.10442767424392e-05, 7.73099371970743e-06, 5.4116956037952e-06, 
    3.78818692265664e-06, 2.65173084585965e-06, 1.85621159210175e-06, 1.29934811447123e-06, 
    9.09543680129859e-07, 6.36680576090901e-07, 4.45676403263631e-07, 3.11973482284542e-07, 
    2.18381437599179e-07, 1.52867006319425e-07, 1.07006904423598e-07, 0, 0, 
    0, 0, 0, 0, 0, 0, 0, 0, 0, 0, 0, 0, 0, 0, 0, 0, 0, 0, 0, 0, 0, 0, 0, 0, 
    0, 0, 0, 0, 0, 0, 0, 0, 0, 0, 0, 0, 0, 0, 0, 0, 0, 0, 0, 1, 0.7, 0.49, 0.343, 
    0.2401, 0.16807, 0.117649, 0.0823543, 0.05764801, 0.040353607, 0.0282475249, 
    0.01977326743, 0, 0, 0, 0, 0, 0, 0, 0, 0, 0, 0, 0, 0, 0, 0, 0, 0, 0, 0, 
    0, 0, 0, 0, 0, 0, 0, 0, 0, 0, 0, 0, 0, 0, 0, 0, 0, 0, 0, 0, 0, 0, 0, 0, 
    0, 0, 0, 0, 0, 0, 0, 1, 1, 1, 1, 1, 1, 1, 0, 0, 0, 0, 0, 0, 0, 0, 0, 0, 
    0, 0, 0, 0, 0, 0, 0, 0, 0, 0, 0, 0, 0, 0, 0, 0, 0, 0, 0, 0, 0, 0, 0, 0, 
    0, 0, 0, 0, 0, 0, 0, 0, 0, 0, 0, 0, 0, 0, 0, 0, 0, 0, 1, 1, 1, 1, 1, 0, 
    0, 0, 0, 0, 0, 0, 0, 0, 0, 0, 0, 0, 0, 0, 0, 1, 0.7, 0.49, 0.343, 0.2401, 
    0.16807, 0.117649, 0.0823543, 0.05764801, 0.040353607, 0.0282475249, 0.01977326743, 
    0.013841287201, 0.00968890104069999, 0.00678223072848999, 0.004747561509943, 
    0.0033232930569601, 0.00232630513987207, 0.00162841359791045, 0.00113988951853731, 
    0.000797922662976119, 0.000558545864083283, 0.000390982104858298, 0.000273687473400809, 
    0.000191581231380566, 0.000134106861966396, 9.38748033764774e-05, 6.57123623635342e-05, 
    4.59986536544739e-05, 3.21990575581317e-05, 2.25393402906922e-05, 1.57775382034846e-05, 
    1.10442767424392e-05, 7.73099371970743e-06, 5.4116956037952e-06, 3.78818692265664e-06, 
    2.65173084585965e-06, 1.85621159210175e-06, 1.29934811447123e-06, 9.09543680129859e-07, 
    6.36680576090901e-07, 0, 0, 0, 0, 0, 0, 0, 0, 0, 0, 0, 0, 0, 0, 0, 0, 0, 
    0, 0, 0, 0, 0, 0, 0, 0, 0, 0, 0, 0, 0, 0, 0, 0, 0, 0, 0, 0, 0, 0, 0, 0, 
    0, 0, 0, 0, 0, 0, 0, 0, 0, 0, 0, 0, 0, 1, 0.7, 0.49, 0, 0, 0, 0, 0, 0, 0, 
    1, 0, 0, 0, 0, 0, 0, 0, 0, 0, 0, 0, 0, 0, 0, 0, 0, 0, 0, 0, 0, 0, 0, 0, 
    0, 0, 0, 0, 0, 0, 0, 0, 0, 0, 0, 0, 0, 0, 0, 0, 0, 0, 0, 0, 0, 0, 0, 0, 
    0, 0, 0, 0, 0, 0, 0, 0, 0, 0, 0, 1, 1, 1, 1, 1, 1, 1, 1, 1, 1, 1, 1, 1, 
    1, 1, 1, 1, 1, 1, 1, 1, 1, 1, 1, 1, 1, 1, 1, 1, 1, 1, 1, 1, 1, 1, 1, 1, 
    1, 1, 1, 1, 1, 1, 1, 1, 1, 1, 1, 0, 1, 0, 0, 0, 0, 0, 0, 0, 0, 0, 0, 0, 
    0, 0, 0, 0, 0, 0, 0, 0, 0, 0, 0, 0, 0, 0, 0, 0, 0, 0, 0, 0, 0, 0, 0, 0, 
    0, 0, 0, 0, 0, 0, 0, 0, 0, 0, 0, 0, 0, 0, 0, 0, 0, 0, 0, 0, 0, 0, 0, 0, 
    0, 0, 0, 0, 0, 0, 0, 0, 0, 0, 0, 0, 0, 0, 0, 0, 0, 0, 0, 0, 0, 0, 0, 0, 
    0, 0, 0, 0, 0, 0, 0, 0, 0, 1, 1, 1, 1, 1, 1, 1, 1, 1, 1, 1, 1, 1, 1, 1, 
    1, 1, 1, 1, 1, 0, 0, 0, 0, 0, 0, 0, 0, 0, 0, 0, 0, 0, 0, 0, 0, 0, 0, 0, 
    0, 0, 0, 0, 0, 0, 0, 0, 0, 0, 0, 0, 0, 0, 0, 0, 0, 0, 0, 0, 1, 0.7, 0.49, 
    0.343, 0.2401, 0.16807, 0.117649, 0.0823543, 0.05764801, 0.040353607, 0.0282475249, 
    0.01977326743, 0.013841287201, 0.00968890104069999, 0.00678223072848999, 
    0.004747561509943, 0.0033232930569601, 0.00232630513987207), .Dim = c(57L, 
    19L), .Dimnames = list(NULL, c("AO30", "AO43", "AO48", "LS31", "LS44", "LS49", 
    "AO33", "LS15", "TC12", "TC46", "LS51", "LS53", "TC17", "TC55", "AO8", "LS10", 
    "AO2", "LS38", "TC40"))))

Coefficients:
          ar1     AO30      AO43      AO48      LS31      LS44       LS49      AO33      LS15     TC12      TC46     LS51     LS53      TC17     TC55       AO8
      -0.7072  42.5419  -86.5162  -42.9966  -19.0350  233.1968  -340.5275  -28.9805  -36.9508  30.7187  148.6224  42.3950  36.7145  -37.0997  24.6525  -14.6352
s.e.   0.1016  19.4382   20.7690   20.7198   19.9876   20.9541    22.3453   16.6749   17.9350  17.9129   20.0308  17.4561  17.1990   17.1445  18.1240   18.7891
         LS10       AO2     LS38     TC40
      30.3040  -26.3614  19.5416   6.5256
s.e.  19.3248   20.1740  17.1476  18.0196

sigma^2 estimated as 440.8:  log likelihood = -250.29,  aic = 542.58
outliers, iter: 0 
    type ind    coefhat      tstat
1     AO  30   48.65921   2.859128
3     AO  43 -119.20840  -7.004474
5     AO  48  140.99297   8.284496
10    LS  44  200.89482   7.616690
12    LS  49 -329.62374 -12.497295
81    LS  15  -42.96707  -2.331017
171   TC  46   86.28137   4.863090
7     LS  51   38.00429   2.192486
82    LS  53   40.28583   2.324109
83    TC  17  -29.48025  -2.091480

choose model and discard outliers, iter: 1 

Call:
arima(x = structure(c(394.5611266238, 377.1080339096, 406.1034966705, 406.8420740037, 
399.0376151634, 403.0373831776, 401.5257980325, 385.8068149817, 410.7851786502, 
426.7621145374, 446.8056123144, 470.5306388881, 464.6107865779, 466.4754296131, 
427.7388654227, 410.4764174678, 389.0535676477, 383.1116009342, 389.664731419, 
409.4537161812, 418.7128456966, 441.7919702372, 431.1451008572, 447.4787767209, 
438.5629414314, 437.8353845743, 447.2248103288, 427.0196695935, 418.5550519861, 
462.1636696858, 407.3538082221, 392.3138510809, 346.6716831045, 365.7978966621, 
343.0715625838, 357.3443671243, 338.5276732939, 367.2391017173, 366.6385313357, 
384.1195506327, 358.4040478575, 354.2817862147, 312.9973474801, 536.8098159509, 
692.1608146812, 756.7682796845, 716.5392225015, 649.3159469859, 310.0775193798, 
329.4462165978, 341.6736753574, 340.5726860706, 376.2246897453, 357.1707902078, 
389.4384297843, 372.2625863264, 369.1561039833), .Tsp = c(1, 57, 1), class = "ts"), 
    order = c(1, 1, 0), xreg = structure(c(0, 0, 0, 0, 0, 0, 0, 0, 0, 0, 0, 
    0, 0, 0, 0, 0, 0, 0, 0, 0, 0, 0, 0, 0, 0, 0, 0, 0, 0, 1, 0, 0, 0, 0, 0, 
    0, 0, 0, 0, 0, 0, 0, 0, 0, 0, 0, 0, 0, 0, 0, 0, 0, 0, 0, 0, 0, 0, 0, 0, 
    0, 0, 0, 0, 0, 0, 0, 0, 0, 0, 0, 0, 0, 0, 0, 0, 0, 0, 0, 0, 0, 0, 0, 0, 
    0, 0, 0, 0, 0, 0, 0, 0, 0, 0, 0, 0, 0, 0, 0, 0, 1, 0, 0, 0, 0, 0, 0, 0, 
    0, 0, 0, 0, 0, 0, 0, 0, 0, 0, 0, 0, 0, 0, 0, 0, 0, 0, 0, 0, 0, 0, 0, 0, 
    0, 0, 0, 0, 0, 0, 0, 0, 0, 0, 0, 0, 0, 0, 0, 0, 0, 0, 0, 0, 0, 0, 0, 0, 
    0, 0, 0, 0, 0, 0, 1, 0, 0, 0, 0, 0, 0, 0, 0, 0, 0, 0, 0, 0, 0, 0, 0, 0, 
    0, 0, 0, 0, 0, 0, 0, 0, 0, 0, 0, 0, 0, 0, 0, 0, 0, 0, 0, 0, 0, 0, 0, 0, 
    0, 0, 0, 0, 0, 0, 0, 0, 0, 0, 0, 1, 1, 1, 1, 1, 1, 1, 1, 1, 1, 1, 1, 1, 
    1, 0, 0, 0, 0, 0, 0, 0, 0, 0, 0, 0, 0, 0, 0, 0, 0, 0, 0, 0, 0, 0, 0, 0, 
    0, 0, 0, 0, 0, 0, 0, 0, 0, 0, 0, 0, 0, 0, 0, 0, 0, 0, 0, 0, 0, 0, 0, 0, 
    0, 1, 1, 1, 1, 1, 1, 1, 1, 1, 0, 0, 0, 0, 0, 0, 0, 0, 0, 0, 0, 0, 0, 0, 
    1, 1, 1, 1, 1, 1, 1, 1, 1, 1, 1, 1, 1, 1, 1, 1, 1, 1, 1, 1, 1, 1, 1, 1, 
    1, 1, 1, 1, 1, 1, 1, 1, 1, 1, 1, 1, 1, 1, 1, 1, 1, 1, 1, 0, 0, 0, 0, 0, 
    0, 0, 0, 0, 0, 0, 0, 0, 0, 0, 0, 0, 0, 0, 0, 0, 0, 0, 0, 0, 0, 0, 0, 0, 
    0, 0, 0, 0, 0, 0, 0, 0, 0, 0, 0, 0, 0, 0, 0, 0, 1, 0.7, 0.49, 0.343, 0.2401, 
    0.16807, 0.117649, 0.0823543, 0.05764801, 0.040353607, 0.0282475249, 0.01977326743, 
    0, 0, 0, 0, 0, 0, 0, 0, 0, 0, 0, 0, 0, 0, 0, 0, 0, 0, 0, 0, 0, 0, 0, 0, 
    0, 0, 0, 0, 0, 0, 0, 0, 0, 0, 0, 0, 0, 0, 0, 0, 0, 0, 0, 0, 0, 0, 0, 0, 
    0, 0, 1, 1, 1, 1, 1, 1, 1, 0, 0, 0, 0, 0, 0, 0, 0, 0, 0, 0, 0, 0, 0, 0, 
    0, 0, 0, 0, 0, 0, 0, 0, 0, 0, 0, 0, 0, 0, 0, 0, 0, 0, 0, 0, 0, 0, 0, 0, 
    0, 0, 0, 0, 0, 0, 0, 0, 0, 0, 0, 0, 0, 1, 1, 1, 1, 1, 0, 0, 0, 0, 0, 0, 
    0, 0, 0, 0, 0, 0, 0, 0, 0, 0, 1, 0.7, 0.49, 0.343, 0.2401, 0.16807, 0.117649, 
    0.0823543, 0.05764801, 0.040353607, 0.0282475249, 0.01977326743, 0.013841287201, 
    0.00968890104069999, 0.00678223072848999, 0.004747561509943, 0.0033232930569601, 
    0.00232630513987207, 0.00162841359791045, 0.00113988951853731, 0.000797922662976119, 
    0.000558545864083283, 0.000390982104858298, 0.000273687473400809, 0.000191581231380566, 
    0.000134106861966396, 9.38748033764774e-05, 6.57123623635342e-05, 4.59986536544739e-05, 
    3.21990575581317e-05, 2.25393402906922e-05, 1.57775382034846e-05, 1.10442767424392e-05, 
    7.73099371970743e-06, 5.4116956037952e-06, 3.78818692265664e-06, 2.65173084585965e-06, 
    1.85621159210175e-06, 1.29934811447123e-06, 9.09543680129859e-07, 6.36680576090901e-07
    ), .Dim = c(57L, 10L), .Dimnames = list(NULL, c("AO30", "AO43", "AO48", 
    "LS44", "LS49", "LS15", "TC46", "LS51", "LS53", "TC17"))))

Coefficients:
          ar1     AO30      AO43      AO48      LS44       LS49      LS15      TC46     LS51     LS53      TC17
      -0.6394  51.8496  -83.9491  -44.4567  229.7218  -343.8613  -45.7254  143.1250  40.7843  36.4185  -38.7866
s.e.   0.1181  19.3194   24.0735   24.0497   23.8114    26.4199   20.1950   23.8261  20.5940  20.2490   20.0804

sigma^2 estimated as 574.1:  log likelihood = -257.6,  aic = 539.21
outliers, iter: 1 
    type ind    coefhat      tstat
1     AO  30   48.65921   2.859128
3     AO  43 -119.20840  -7.004474
10    LS  44  200.89482   7.616690
12    LS  49 -329.62374 -12.497295
81    LS  15  -42.96707  -2.331017
171   TC  46   86.28137   4.863090

choose model and discard outliers, iter: 2 

Call:
arima(x = structure(c(394.5611266238, 377.1080339096, 406.1034966705, 406.8420740037, 
399.0376151634, 403.0373831776, 401.5257980325, 385.8068149817, 410.7851786502, 
426.7621145374, 446.8056123144, 470.5306388881, 464.6107865779, 466.4754296131, 
427.7388654227, 410.4764174678, 389.0535676477, 383.1116009342, 389.664731419, 
409.4537161812, 418.7128456966, 441.7919702372, 431.1451008572, 447.4787767209, 
438.5629414314, 437.8353845743, 447.2248103288, 427.0196695935, 418.5550519861, 
462.1636696858, 407.3538082221, 392.3138510809, 346.6716831045, 365.7978966621, 
343.0715625838, 357.3443671243, 338.5276732939, 367.2391017173, 366.6385313357, 
384.1195506327, 358.4040478575, 354.2817862147, 312.9973474801, 536.8098159509, 
692.1608146812, 756.7682796845, 716.5392225015, 649.3159469859, 310.0775193798, 
329.4462165978, 341.6736753574, 340.5726860706, 376.2246897453, 357.1707902078, 
389.4384297843, 372.2625863264, 369.1561039833), .Tsp = c(1, 57, 1), class = "ts"), 
    order = c(1, 1, 0), xreg = structure(c(0, 0, 0, 0, 0, 0, 0, 0, 0, 0, 0, 
    0, 0, 0, 0, 0, 0, 0, 0, 0, 0, 0, 0, 0, 0, 0, 0, 0, 0, 1, 0, 0, 0, 0, 0, 
    0, 0, 0, 0, 0, 0, 0, 0, 0, 0, 0, 0, 0, 0, 0, 0, 0, 0, 0, 0, 0, 0, 0, 0, 
    0, 0, 0, 0, 0, 0, 0, 0, 0, 0, 0, 0, 0, 0, 0, 0, 0, 0, 0, 0, 0, 0, 0, 0, 
    0, 0, 0, 0, 0, 0, 0, 0, 0, 0, 0, 0, 0, 0, 0, 0, 1, 0, 0, 0, 0, 0, 0, 0, 
    0, 0, 0, 0, 0, 0, 0, 0, 0, 0, 0, 0, 0, 0, 0, 0, 0, 0, 0, 0, 0, 0, 0, 0, 
    0, 0, 0, 0, 0, 0, 0, 0, 0, 0, 0, 0, 0, 0, 0, 0, 0, 0, 0, 0, 0, 0, 0, 0, 
    0, 0, 1, 1, 1, 1, 1, 1, 1, 1, 1, 1, 1, 1, 1, 1, 0, 0, 0, 0, 0, 0, 0, 0, 
    0, 0, 0, 0, 0, 0, 0, 0, 0, 0, 0, 0, 0, 0, 0, 0, 0, 0, 0, 0, 0, 0, 0, 0, 
    0, 0, 0, 0, 0, 0, 0, 0, 0, 0, 0, 0, 0, 0, 0, 0, 1, 1, 1, 1, 1, 1, 1, 1, 
    1, 0, 0, 0, 0, 0, 0, 0, 0, 0, 0, 0, 0, 0, 0, 1, 1, 1, 1, 1, 1, 1, 1, 1, 
    1, 1, 1, 1, 1, 1, 1, 1, 1, 1, 1, 1, 1, 1, 1, 1, 1, 1, 1, 1, 1, 1, 1, 1, 
    1, 1, 1, 1, 1, 1, 1, 1, 1, 1, 0, 0, 0, 0, 0, 0, 0, 0, 0, 0, 0, 0, 0, 0, 
    0, 0, 0, 0, 0, 0, 0, 0, 0, 0, 0, 0, 0, 0, 0, 0, 0, 0, 0, 0, 0, 0, 0, 0, 
    0, 0, 0, 0, 0, 0, 0, 1, 0.7, 0.49, 0.343, 0.2401, 0.16807, 0.117649, 0.0823543, 
    0.05764801, 0.040353607, 0.0282475249, 0.01977326743), .Dim = c(57L, 6L), .Dimnames = list(
        NULL, c("AO30", "AO43", "LS44", "LS49", "LS15", "TC46"))))

Coefficients:
          ar1     AO30      AO43      LS44       LS49      LS15      TC46
      -0.5044  51.4378  -73.2219  225.8986  -320.9009  -44.8889  137.7296
s.e.   0.1591  21.8975   29.6105   29.1667    25.0856   23.9620   28.1772

sigma^2 estimated as 718.5:  log likelihood = -263.77,  aic = 543.54
outliers, iter: 2 
    type ind    coefhat      tstat
1     AO  30   48.65921   2.859128
3     AO  43 -119.20840  -7.004474
10    LS  44  200.89482   7.616690
12    LS  49 -329.62374 -12.497295
171   TC  46   86.28137   4.863090

choose model and discard outliers, iter: 3 

Call:
arima(x = structure(c(394.5611266238, 377.1080339096, 406.1034966705, 406.8420740037, 
399.0376151634, 403.0373831776, 401.5257980325, 385.8068149817, 410.7851786502, 
426.7621145374, 446.8056123144, 470.5306388881, 464.6107865779, 466.4754296131, 
427.7388654227, 410.4764174678, 389.0535676477, 383.1116009342, 389.664731419, 
409.4537161812, 418.7128456966, 441.7919702372, 431.1451008572, 447.4787767209, 
438.5629414314, 437.8353845743, 447.2248103288, 427.0196695935, 418.5550519861, 
462.1636696858, 407.3538082221, 392.3138510809, 346.6716831045, 365.7978966621, 
343.0715625838, 357.3443671243, 338.5276732939, 367.2391017173, 366.6385313357, 
384.1195506327, 358.4040478575, 354.2817862147, 312.9973474801, 536.8098159509, 
692.1608146812, 756.7682796845, 716.5392225015, 649.3159469859, 310.0775193798, 
329.4462165978, 341.6736753574, 340.5726860706, 376.2246897453, 357.1707902078, 
389.4384297843, 372.2625863264, 369.1561039833), .Tsp = c(1, 57, 1), class = "ts"), 
    order = c(1, 1, 0), xreg = structure(c(0, 0, 0, 0, 0, 0, 0, 0, 0, 0, 0, 
    0, 0, 0, 0, 0, 0, 0, 0, 0, 0, 0, 0, 0, 0, 0, 0, 0, 0, 1, 0, 0, 0, 0, 0, 
    0, 0, 0, 0, 0, 0, 0, 0, 0, 0, 0, 0, 0, 0, 0, 0, 0, 0, 0, 0, 0, 0, 0, 0, 
    0, 0, 0, 0, 0, 0, 0, 0, 0, 0, 0, 0, 0, 0, 0, 0, 0, 0, 0, 0, 0, 0, 0, 0, 
    0, 0, 0, 0, 0, 0, 0, 0, 0, 0, 0, 0, 0, 0, 0, 0, 1, 0, 0, 0, 0, 0, 0, 0, 
    0, 0, 0, 0, 0, 0, 0, 0, 0, 0, 0, 0, 0, 0, 0, 0, 0, 0, 0, 0, 0, 0, 0, 0, 
    0, 0, 0, 0, 0, 0, 0, 0, 0, 0, 0, 0, 0, 0, 0, 0, 0, 0, 0, 0, 0, 0, 0, 0, 
    0, 0, 1, 1, 1, 1, 1, 1, 1, 1, 1, 1, 1, 1, 1, 1, 0, 0, 0, 0, 0, 0, 0, 0, 
    0, 0, 0, 0, 0, 0, 0, 0, 0, 0, 0, 0, 0, 0, 0, 0, 0, 0, 0, 0, 0, 0, 0, 0, 
    0, 0, 0, 0, 0, 0, 0, 0, 0, 0, 0, 0, 0, 0, 0, 0, 1, 1, 1, 1, 1, 1, 1, 1, 
    1, 0, 0, 0, 0, 0, 0, 0, 0, 0, 0, 0, 0, 0, 0, 0, 0, 0, 0, 0, 0, 0, 0, 0, 
    0, 0, 0, 0, 0, 0, 0, 0, 0, 0, 0, 0, 0, 0, 0, 0, 0, 0, 0, 0, 0, 0, 1, 0.7, 
    0.49, 0.343, 0.2401, 0.16807, 0.117649, 0.0823543, 0.05764801, 0.040353607, 
    0.0282475249, 0.01977326743), .Dim = c(57L, 5L), .Dimnames = list(NULL, 
        c("AO30", "AO43", "LS44", "LS49", "TC46"))))

Coefficients:
          ar1     AO30      AO43      LS44       LS49      TC46
      -0.4489  51.1710  -68.2793  223.6595  -322.1483  132.5000
s.e.   0.1836  22.5353   31.8232   31.4835    26.4251   31.4451

sigma^2 estimated as 763.3:  log likelihood = -265.43,  aic = 544.86

final outliers
  type ind time    coefhat      tstat
1   AO  30   30   51.17097   2.270707
2   AO  43   43  -68.27935  -2.145585
3   LS  44   44  223.65952   7.104023
4   TC  46   46  132.50003   4.213693
5   LS  49   49 -322.14830 -12.190993
